[2015-06-02 16:22:57] [db_forumuser.dbUser]  [felinya@uroboros.com] MODIFY his Avatar
[2015-06-02 16:22:57] [db_forumuser.dbUser]  [felinya@uroboros.com] MODIFY his Profil
[2015-06-03 12:18:23] [db_forumuser.dbUser]  [potterat.thierry@gmail.com] move the user       [utilisateur@numero1.ch] from group [all] to group [membre]
[2015-06-03 12:18:29] [db_forumuser.dbUser]  [potterat.thierry@gmail.com] move the user       [utilisateur@numero1.ch] from group [membre] to group [all]
[2015-06-25 11:42:32] [db_forumuser.dbUser]  [potterat.thierry@gmail.com] MODIFY his settings
[2015-06-25 11:52:47] [db_forumuser.dbUser]  [potterat.thierry@gmail.com] MODIFY his settings
[2015-06-25 11:54:46] [db_forumuser.dbUser]  [potterat.thierry@gmail.com] DELETE the user     [felinya@uroboros.com]
[2015-06-25 11:54:49] [db_forumuser.dbUser]  [potterat.thierry@gmail.com] DELETE the user     [utilisateur@numero1.ch]
[2015-06-25 11:55:24] [db_forumuser.dbUser]  [potterat.thierry@gmail.com] CREATE the user     [user@rspf.com]
[2015-06-25 11:56:13] [db_forumuser.dbUser]  [potterat.thierry@gmail.com] CREATE the user     [felinya.hime@uroboros.com]
[2015-06-25 11:56:19] [db_forumuser.dbUser]  [potterat.thierry@gmail.com] move the user       [felinya.hime@uroboros.com] from group [all] to group [membre]
[2015-06-25 11:56:24] [db_forumuser.dbUser]  [potterat.thierry@gmail.com] move the user       [user@rspf.com] from group [all] to group [membre]
[2015-06-25 11:56:24] [db_forumuser.dbUser]  [potterat.thierry@gmail.com] move the user       [felinya.hime@uroboros.com] from group [membre] to group [moderateur]
[2015-06-25 11:57:21] [db_forumuser.dbUser]  [potterat.thierry@gmail.com] DELETE the user     [felinya.hime@uroboros.com]
[2015-06-25 11:57:23] [db_forumuser.dbUser]  [potterat.thierry@gmail.com] DELETE the user     [user@rspf.com]
[2015-06-25 11:59:00] [db_forumuser.dbUser]  [potterat.thierry@gmail.com] CREATE the user     [usr@rspf.com]
[2015-06-25 12:00:08] [db_forumuser.dbUser]  [potterat.thierry@gmail.com] CREATE the user     [felinya.hime@uroboros.com]
[2015-06-25 12:00:13] [db_forumuser.dbUser]  [potterat.thierry@gmail.com] move the user       [felinya.hime@uroboros.com] from group [all] to group [admin]
[2015-06-25 12:01:00] [db_forumuser.dbUser]  [potterat.thierry@gmail.com] deactivate the user [felinya.hime@uroboros.com]
[2015-06-25 12:02:45] [db_forumuser.dbUser]  [felinya.hime@uroboros.com] DELETE the user     [potterat.thierry@gmail.com]
[2015-06-25 12:02:49] [db_forumuser.dbUser]  [felinya.hime@uroboros.com] DELETE the user     [potterat.thierry@gmail.com]
[2015-06-25 12:02:58] [db_forumuser.dbUser]  [felinya.hime@uroboros.com] DELETE the user     [potterat.thierry@gmail.com]
[2015-06-25 12:06:26] [db_forumuser.dbUser]  [felinya.hime@uroboros.com] DELETE the user     [potterat.thierry@gmail.com]
[2015-06-25 12:06:47] [db_forumuser.dbUser]  [felinya.hime@uroboros.com] DELETE the user     [potterat.thierry@gmail.com]
[2015-06-25 12:07:23] [db_forumuser.dbUser]  [felinya.hime@uroboros.com] DELETE the user     [potterat.thierry@gmail.com]
[2015-06-25 12:09:06] [db_forumuser.dbUser]  [felinya.hime@uroboros.com] DELETE the user     [potterat.thierry@gmail.com]
[2015-06-25 12:10:59] [db_forumuser.dbUser]  [felinya.hime@uroboros.com] CREATE the user     [anonimous.user@rspf.com]
[2015-06-25 12:35:36] [db_forumuser.dbUser]  [felinya.hime@uroboros.com] DELETE the user     [potterat.thierry@gmail.com]
[2015-06-25 12:37:31] [db_forumuser.dbUser]  [felinya.hime@uroboros.com] DELETE the user     [potterat.thierry@gmail.com]
[2015-06-25 12:38:23] [db_forumuser.dbUser]  [felinya.hime@uroboros.com] DELETE the user     [potterat.thierry@gmail.com]
[2015-06-25 12:40:13] [db_forumuser.dbUser]  [felinya.hime@uroboros.com] DELETE the user     [potterat.thierry@gmail.com]
[2015-06-25 12:40:15] [db_forumuser.dbUser]  [felinya.hime@uroboros.com] DELETE the user     [potterat.thierry@gmail.com]
[2015-06-25 12:41:59] [db_forumuser.dbUser]  [felinya.hime@uroboros.com] DELETE the user     [potterat.thierry@gmail.com]
[2015-06-25 12:44:18] [db_forumuser.dbUser]  [felinya.hime@uroboros.com] DELETE the user     [potterat.thierry@gmail.com]
[2015-06-25 12:44:28] [db_forumuser.dbUser]  [felinya.hime@uroboros.com] DELETE the user     [usr@rspf.com]
[2015-06-25 12:45:26] [db_forumuser.dbUser]  [felinya.hime@uroboros.com] MODIFY his Avatar
[2015-06-25 12:46:11] [db_forumuser.dbUser]  [felinya.hime@uroboros.com] CREATE the user     [Potterat.thierry@gmail.com]
[2015-06-25 12:46:18] [db_forumuser.dbUser]  [felinya.hime@uroboros.com] deactivate the user [Potterat.thierry@gmail.com]
[2015-06-25 12:46:18] [db_forumuser.dbUser]  [felinya.hime@uroboros.com] move the user       [Potterat.thierry@gmail.com] from group [all] to group [admin]
[2015-06-25 12:48:51] [db_forumuser.dbUser]  [felinya.hime@uroboros.com] DELETE the user     [Potterat.thierry@gmail.com]
[2015-06-25 12:49:31] [db_forumuser.dbUser]  [felinya.hime@uroboros.com] CREATE the user     [potterat.thierry@gmail.com]
[2015-06-25 12:49:40] [db_forumuser.dbUser]  [felinya.hime@uroboros.com] deactivate the user [potterat.thierry@gmail.com]
[2015-06-25 12:49:40] [db_forumuser.dbUser]  [felinya.hime@uroboros.com] move the user       [potterat.thierry@gmail.com] from group [all] to group [admin]
[2015-06-25 12:50:28] [db_forumuser.dbUser]  [potterat.thierry@gmail.com] move the user       [felinya.hime@uroboros.com] from group [admin] to group [membre]
[2015-06-25 12:51:13] [db_forumuser.dbUser]  [potterat.thierry@gmail.com] CREATE the user     [user.1@rspd.com]
[2015-06-25 12:51:23] [db_forumuser.dbUser]  [potterat.thierry@gmail.com] move the user       [user.1@rspd.com] from group [all] to group [membre]
[2015-06-25 12:51:23] [db_forumuser.dbUser]  [potterat.thierry@gmail.com] move the user       [felinya.hime@uroboros.com] from group [membre] to group [moderateur]
[2015-06-25 12:52:04] [db_forumuser.dbUser]  [potterat.thierry@gmail.com] MODIFY his Avatar
[2015-06-25 12:52:04] [db_forumuser.dbUser]  [potterat.thierry@gmail.com] MODIFY his Profil
[2016-06-16 11:16:58] [db_forumuser.dbGroup] [potterat.thierry@gmail.com] MODIFY the group    [all]
[2016-06-16 11:17:01] [db_forumuser.dbGroup] [potterat.thierry@gmail.com] MODIFY the group    [all]
[2018-09-21 15:59:31] [twixtel.dbUser]  [potterat.thierry@gmail.com] CREATE the user     [tata@taalaa.ch]
[2018-10-31 08:33:13] [twixtel.dbGroup] [potterat.thierry@gmail.com] MODIFY the group    [all]
[2018-10-31 08:33:22] [twixtel.dbGroup] [potterat.thierry@gmail.com] MODIFY the group    [all]
[2018-10-31 08:44:30] [lab4tech.dbUser]  [potterat.thierry@gmail.com] MODIFY the user     [utilisateur@numero1.ch]
[2018-10-31 08:44:34] [lab4tech.dbUser]  [potterat.thierry@gmail.com] MODIFY the user     [utilisateur@numero1.ch]
[2018-10-31 08:44:38] [lab4tech.dbUser]  [potterat.thierry@gmail.com] move the user       [utilisateur@numero1.ch] from group [all] to group [membre]
[2018-10-31 08:44:44] [lab4tech.dbUser]  [potterat.thierry@gmail.com] move the user       [utilisateur@numero1.ch] from group [membre] to group [all]
[2018-10-31 08:44:53] [lab4tech.dbGroup] [potterat.thierry@gmail.com] MODIFY the group    [all]
[2018-10-31 08:51:02] [lab4tech.dbGroup] [potterat.thierry@gmail.com] MODIFY the group    [all]
[2018-10-31 08:51:19] [lab4tech.dbGroup] [potterat.thierry@gmail.com] MODIFY the group    [all]
[2018-10-31 08:51:35] [lab4tech.dbGroup] [potterat.thierry@gmail.com] MODIFY the group    [all]
[2018-10-31 08:51:53] [lab4tech.dbGroup] [potterat.thierry@gmail.com] MODIFY the group    [membre]
[2018-10-31 09:02:57] [lab4tech.dbGroup] [potterat.thierry@gmail.com] MODIFY the group    [membre]
[2018-10-31 09:06:37] [lab4tech.dbGroup] [potterat.thierry@gmail.com] MODIFY the group    [all]
[2018-10-31 09:07:07] [lab4tech.dbGroup] [potterat.thierry@gmail.com] MODIFY the group    [mod&eacute;rateur]
[2018-10-31 09:07:27] [lab4tech.dbGroup] [potterat.thierry@gmail.com] MODIFY the group    [mod&eacute;rateur]
[2018-10-31 09:08:22] [lab4tech.dbGroup] [potterat.thierry@gmail.com] MODIFY the group    [mod&amp;eacute;rateur]
[2018-10-31 09:12:34] [lab4tech.dbGroup] [potterat.thierry@gmail.com] MODIFY the group    [all]
[2018-10-31 09:12:47] [lab4tech.dbGroup] [potterat.thierry@gmail.com] MODIFY the group    [all]
[2018-10-31 09:13:15] [lab4tech.dbGroup] [potterat.thierry@gmail.com] MODIFY the group    [membre]
[2018-10-31 09:21:10] [lab4tech.dbGroup] [potterat.thierry@gmail.com] MODIFY the group    [all]
[2018-10-31 09:22:47] [lab4tech.dbGroup] [potterat.thierry@gmail.com] MODIFY the group    [all]
[2018-10-31 09:22:47] [lab4tech.dbGroup] [potterat.thierry@gmail.com] MODIFY the group    [mod&amp;amp;eacute;rateur]
[2018-10-31 09:22:47] [lab4tech.dbGroup] [potterat.thierry@gmail.com] MODIFY the group    [membre]
[2018-10-31 09:24:39] [lab4tech.dbGroup] [potterat.thierry@gmail.com] MODIFY the group    [all]
[2018-10-31 09:24:39] [lab4tech.dbGroup] [potterat.thierry@gmail.com] MODIFY the group    [membre]
[2018-10-31 09:24:39] [lab4tech.dbGroup] [potterat.thierry@gmail.com] MODIFY the group    [mod&amp;amp;amp;eacute;rateur]
[2018-10-31 09:27:18] [lab4tech.dbGroup] [potterat.thierry@gmail.com] MODIFY the group    [mod&eacute;rateur]
[2018-10-31 10:14:29] [lab4tech.dbGroup] [potterat.thierry@gmail.com] MODIFY the group    [all]
[2018-10-31 10:14:29] [lab4tech.dbGroup] [potterat.thierry@gmail.com] MODIFY the group    [mod&amp;eacute;rateur]
[2018-10-31 10:14:58] [lab4tech.dbGroup] [potterat.thierry@gmail.com] MODIFY the group    [all]
[2018-10-31 10:19:52] [lab4tech.dbGroup] [potterat.thierry@gmail.com] MODIFY the group    [all]
[2018-10-31 10:23:03] [lab4tech.dbGroup] [potterat.thierry@gmail.com] MODIFY the group    [all]
[2018-10-31 10:30:31] [lab4tech.dbGroup] [potterat.thierry@gmail.com] MODIFY the group    [all]
[2018-10-31 10:32:46] [lab4tech.dbGroup] [potterat.thierry@gmail.com] MODIFY the group    [all]
[2018-10-31 10:32:50] [lab4tech.dbGroup] [potterat.thierry@gmail.com] MODIFY the group    [all]
[2018-10-31 10:32:57] [lab4tech.dbGroup] [potterat.thierry@gmail.com] MODIFY the group    [all]
[2018-10-31 10:32:59] [lab4tech.dbGroup] [potterat.thierry@gmail.com] MODIFY the group    [all]
[2018-10-31 10:55:30] [lab4tech.dbGroup] [potterat.thierry@gmail.com] MODIFY the group    [all]
[2018-10-31 10:55:30] [lab4tech.dbGroup] [potterat.thierry@gmail.com] MODIFY the group    [membre]
[2018-10-31 10:55:30] [lab4tech.dbGroup] [potterat.thierry@gmail.com] MODIFY the group    [mod&amp;amp;eacute;rateur]
[2018-10-31 10:59:20] [lab4tech.dbGroup] [potterat.thierry@gmail.com] MODIFY the group    [membre]
[2018-10-31 10:59:20] [lab4tech.dbGroup] [potterat.thierry@gmail.com] MODIFY the group    [mod&amp;amp;amp;eacute;rateur]
[2018-10-31 11:01:26] [lab4tech.dbGroup] [potterat.thierry@gmail.com] MODIFY the group    [all]
[2018-10-31 11:01:26] [lab4tech.dbGroup] [potterat.thierry@gmail.com] MODIFY the group    [membre]
[2018-10-31 11:03:53] [lab4tech.dbGroup] [potterat.thierry@gmail.com] MODIFY the group    [all]
[2018-10-31 11:07:36] [lab4tech.dbGroup] [potterat.thierry@gmail.com] MODIFY the group    [all]
[2018-10-31 11:08:13] [lab4tech.dbGroup] [potterat.thierry@gmail.com] MODIFY the group    [all]
[2018-10-31 11:14:44] [lab4tech.dbGroup] [potterat.thierry@gmail.com] MODIFY the group    [all]
[2018-10-31 11:14:47] [lab4tech.dbGroup] [potterat.thierry@gmail.com] MODIFY the group    [all]
[2018-10-31 11:50:46] [lab4tech.dbUser]  [potterat.thierry@gmail.com] MODIFY his Avatar
[2018-10-31 11:54:03] [lab4tech.dbUser]  [potterat.thierry@gmail.com] MODIFY his settings
[2018-10-31 11:54:41] [lab4tech.dbUser]  [potterat.thierry@gmail.com] MODIFY his Profil
[2018-10-31 11:54:44] [lab4tech.dbUser]  [potterat.thierry@gmail.com] MODIFY his Profil
[2018-11-01 08:07:05] [lab4tech.dbUser]  [potterat.thierry@gmail.com] MODIFY his Avatar
[2018-11-01 08:08:10] [lab4tech.dbUser]  [potterat.thierry@gmail.com] MODIFY his Avatar
[2018-11-01 08:08:29] [lab4tech.dbUser]  [potterat.thierry@gmail.com] MODIFY his Avatar
[2018-11-01 08:08:56] [lab4tech.dbUser]  [potterat.thierry@gmail.com] MODIFY his Avatar
[2018-11-01 08:59:34] [lab4tech.dbGroup] [potterat.thierry@gmail.com] MODIFY the group    [mod&amp;amp;amp;amp;eacute;rateur]
[2018-11-01 09:05:19] [lab4tech.dbGroup] [potterat.thierry@gmail.com] MODIFY the group    [membre]
[2018-11-01 09:05:19] [lab4tech.dbGroup] [potterat.thierry@gmail.com] MODIFY the group    [mod&amp;amp;amp;amp;eacute;rateur]
[2018-11-01 09:05:33] [lab4tech.dbUser]  [potterat.thierry@gmail.com] move the user       [utilisateur@numero1.ch] from group [all] to group [membre]
[2018-11-01 09:42:21] [lab4tech.dbGroup] [potterat.thierry@gmail.com] MODIFY the group    [mod&eacute;rateur]
[2018-11-01 09:42:31] [lab4tech.dbGroup] [potterat.thierry@gmail.com] MODIFY the group    [mod&amp;eacute;rateur]
[2018-11-01 09:42:45] [lab4tech.dbGroup] [potterat.thierry@gmail.com] MODIFY the group    [mod&amp;amp;eacute;rateur]
[2018-11-01 09:42:48] [lab4tech.dbGroup] [potterat.thierry@gmail.com] MODIFY the group    [mod&amp;amp;amp;eacute;rateur]
[2018-11-01 09:46:51] [lab4tech.dbGroup] [potterat.thierry@gmail.com] MODIFY the group    [mod&eacute;rateur]
[2018-11-01 09:46:54] [lab4tech.dbGroup] [potterat.thierry@gmail.com] MODIFY the group    [mod&eacute;rateur]
[2018-11-01 09:48:11] [lab4tech.dbGroup] [potterat.thierry@gmail.com] MODIFY the group    [mod&eacute;rateur]
[2018-11-01 09:50:15] [lab4tech.dbGroup] [potterat.thierry@gmail.com] MODIFY the group    [moderateur]
[2018-11-01 09:54:28] [lab4tech.dbGroup] [potterat.thierry@gmail.com] MODIFY the group    [mod&eacute;rateur]
[2018-11-01 10:18:36] [lab4tech.dbGroup] [potterat.thierry@gmail.com] MODIFY the group    [all]
[2018-11-01 10:18:36] [lab4tech.dbGroup] [potterat.thierry@gmail.com] MODIFY the group    [membre]
[2018-11-01 10:18:36] [lab4tech.dbGroup] [potterat.thierry@gmail.com] MODIFY the group    [mod&eacute;rateur]
[2018-11-01 10:26:07] [lab4tech.dbGroup] [potterat.thierry@gmail.com] MODIFY the group    [mod&eacute;rateur]
[2018-11-01 10:29:55] [lab4tech.dbGroup] [potterat.thierry@gmail.com] MODIFY the group    [all]
[2018-11-01 10:29:55] [lab4tech.dbGroup] [potterat.thierry@gmail.com] MODIFY the group    [membre]
[2018-11-01 10:29:55] [lab4tech.dbGroup] [potterat.thierry@gmail.com] MODIFY the group    [mod&eacute;rateur]
[2018-11-01 10:47:36] [lab4tech.dbGroup] [potterat.thierry@gmail.com] MODIFY the group    [membre]
[2018-11-01 10:47:36] [lab4tech.dbGroup] [potterat.thierry@gmail.com] MODIFY the group    [mod&eacute;rateur]
[2018-11-01 10:53:14] [lab4tech.dbGroup] [potterat.thierry@gmail.com] MODIFY the group    [membre]
[2018-11-01 10:53:14] [lab4tech.dbGroup] [potterat.thierry@gmail.com] MODIFY the group    [mod&eacute;rateur]
[2018-11-01 10:53:20] [lab4tech.dbGroup] [potterat.thierry@gmail.com] MODIFY the group    [mod&eacute;rateur]
[2018-11-01 10:53:24] [lab4tech.dbGroup] [potterat.thierry@gmail.com] MODIFY the group    [membre]
[2018-11-01 10:53:24] [lab4tech.dbGroup] [potterat.thierry@gmail.com] MODIFY the group    [mod&eacute;rateur]
[2018-11-01 10:53:32] [lab4tech.dbGroup] [potterat.thierry@gmail.com] MODIFY the group    [membre]
[2018-11-01 10:53:38] [lab4tech.dbGroup] [potterat.thierry@gmail.com] MODIFY the group    [membre]
[2018-11-01 10:53:38] [lab4tech.dbGroup] [potterat.thierry@gmail.com] MODIFY the group    [mod&eacute;rateur]
[2018-11-01 10:53:46] [lab4tech.dbGroup] [potterat.thierry@gmail.com] MODIFY the group    [membre]
[2018-11-01 10:54:46] [lab4tech.dbGroup] [potterat.thierry@gmail.com] MODIFY the group    [membre]
[2018-11-01 10:55:20] [lab4tech.dbGroup] [potterat.thierry@gmail.com] MODIFY the group    [membre]
[2018-11-01 10:55:24] [lab4tech.dbGroup] [potterat.thierry@gmail.com] MODIFY the group    [membre]
[2018-11-01 10:55:27] [lab4tech.dbGroup] [potterat.thierry@gmail.com] MODIFY the group    [membre]
[2018-11-01 10:55:32] [lab4tech.dbGroup] [potterat.thierry@gmail.com] MODIFY the group    [membre]
[2018-11-01 10:55:35] [lab4tech.dbGroup] [potterat.thierry@gmail.com] MODIFY the group    [membre]
[2018-11-01 10:55:57] [lab4tech.dbGroup] [potterat.thierry@gmail.com] MODIFY the group    [membre]
[2018-11-01 10:56:31] [lab4tech.dbGroup] [potterat.thierry@gmail.com] MODIFY the group    [membre]
[2018-11-01 10:56:35] [lab4tech.dbGroup] [potterat.thierry@gmail.com] MODIFY the group    [membre]
[2018-11-01 10:56:35] [lab4tech.dbGroup] [potterat.thierry@gmail.com] MODIFY the group    [mod&eacute;rateur]
[2018-11-01 10:56:38] [lab4tech.dbGroup] [potterat.thierry@gmail.com] MODIFY the group    [membre]
[2018-11-01 10:56:46] [lab4tech.dbGroup] [potterat.thierry@gmail.com] MODIFY the group    [mod&eacute;rateur]
[2018-11-01 10:57:48] [lab4tech.dbGroup] [potterat.thierry@gmail.com] MODIFY the group    [membre]
[2018-11-01 10:58:16] [lab4tech.dbGroup] [potterat.thierry@gmail.com] MODIFY the group    [mod&eacute;rateur]
[2018-11-01 10:59:28] [lab4tech.dbGroup] [potterat.thierry@gmail.com] MODIFY the group    [mod&eacute;rateur]
[2018-11-01 10:59:37] [lab4tech.dbGroup] [potterat.thierry@gmail.com] MODIFY the group    [membre]
[2018-11-01 10:59:43] [lab4tech.dbGroup] [potterat.thierry@gmail.com] MODIFY the group    [mod&eacute;rateur]
[2018-11-01 11:01:05] [lab4tech.dbGroup] [potterat.thierry@gmail.com] MODIFY the group    [mod&eacute;rateur]
[2018-11-01 11:01:08] [lab4tech.dbGroup] [potterat.thierry@gmail.com] MODIFY the group    [mod&eacute;rateur]
[2018-11-01 11:01:11] [lab4tech.dbGroup] [potterat.thierry@gmail.com] MODIFY the group    [mod&eacute;rateur]
[2018-11-01 11:01:14] [lab4tech.dbGroup] [potterat.thierry@gmail.com] MODIFY the group    [mod&eacute;rateur]
[2018-11-01 11:01:42] [lab4tech.dbGroup] [potterat.thierry@gmail.com] MODIFY the group    [mod&eacute;rateur]
[2018-11-01 11:01:59] [lab4tech.dbGroup] [potterat.thierry@gmail.com] MODIFY the group    [mod&eacute;rateur]
[2018-11-01 11:02:33] [lab4tech.dbGroup] [potterat.thierry@gmail.com] CREATE the group    [test]
[2018-11-01 11:02:58] [lab4tech.dbGroup] [potterat.thierry@gmail.com] DELETE the group    [test]
[2018-11-01 11:03:09] [lab4tech.dbUser]  [potterat.thierry@gmail.com] move the user       [utilisateur@numero1.ch] from group [membre] to group [all]
[2018-11-01 11:03:14] [lab4tech.dbUser]  [potterat.thierry@gmail.com] move the user       [utilisateur@numero1.ch] from group [all] to group [membre]
[2018-11-01 11:04:51] [lab4tech.dbUser]  [potterat.thierry@gmail.com] MODIFY the user     [utilisateur@numero1.ch]
[2018-11-01 11:04:59] [lab4tech.dbUser]  [potterat.thierry@gmail.com] MODIFY the user     [utilisateur@numero1.ch]
[2018-11-01 11:07:52] [lab4tech.dbUser]  [potterat.thierry@gmail.com] CREATE the user     [test3@gmail.com]
[2018-11-01 11:34:27] [lab4tech.dbUser]  [potterat.thierry@gmail.com] MODIFY his Avatar
[2018-11-01 11:34:46] [lab4tech.dbUser]  [potterat.thierry@gmail.com] MODIFY his Avatar
[2018-11-01 11:36:31] [lab4tech.dbUser]  [potterat.thierry@gmail.com] MODIFY his Avatar
[2018-11-01 11:38:14] [lab4tech.dbUser]  [potterat.thierry@gmail.com] MODIFY his Avatar
[2018-11-01 11:38:57] [lab4tech.dbUser]  [potterat.thierry@gmail.com] MODIFY his Avatar
[2018-11-01 11:39:11] [lab4tech.dbUser]  [felinya@uroboros.com] MODIFY his Avatar
[2018-11-01 11:39:34] [lab4tech.dbUser]  [felinya@uroboros.com] MODIFY his Avatar
[2018-11-01 11:39:56] [lab4tech.dbUser]  [utilisateur@numero1.ch] MODIFY his Avatar
[2018-11-01 11:40:23] [lab4tech.dbUser]  [utilisateur@numero1.ch] MODIFY his Avatar
[2018-11-01 11:41:33] [lab4tech.dbUser]  [utilisateur@numero1.ch] MODIFY his Avatar
[2018-11-01 11:42:17] [lab4tech.dbUser]  [felinya@uroboros.com] MODIFY his Avatar
[2018-11-01 11:42:32] [lab4tech.dbUser]  [potterat.thierry@gmail.com] MODIFY his Avatar
[2018-11-01 11:42:49] [lab4tech.dbUser]  [potterat.thierry@gmail.com] MODIFY his Profil
[2018-11-01 11:48:12] [lab4tech.dbUser]  [potterat.thierry@gmail.com] CREATE the user     [test3@gmail.com]
[2018-11-01 11:48:43] [lab4tech.dbUser]  [potterat.thierry@gmail.com] deactivate the user [test3@gmail.com]
[2018-11-01 11:49:48] [lab4tech.dbUser]  [potterat.thierry@gmail.com] move the user       [test3@gmail.com] from group [all] to group [membre]
[2018-11-01 11:51:29] [lab4tech.dbUser]  [potterat.thierry@gmail.com] CREATE the user     [test4@gmail.com]
[2018-11-01 11:52:09] [lab4tech.dbUser]  [potterat.thierry@gmail.com] deactivate the user [test4@gmail.com]
[2018-11-01 11:52:27] [lab4tech.dbUser]  [test4@gmail.com] MODIFY his Avatar
[2018-11-01 11:55:45] [lab4tech.dbUser]  [potterat.thierry@gmail.com] CREATE the user     [test3@gmail.com]
[2018-11-01 11:56:14] [lab4tech.dbUser]  [potterat.thierry@gmail.com] deactivate the user [test3@gmail.com]
[2018-11-01 11:56:32] [lab4tech.dbUser]  [test3@gmail.com] MODIFY his Avatar
[2018-11-01 11:57:36] [lab4tech.dbUser]  [test3@gmail.com] MODIFY his Avatar
[2018-11-02 07:49:38] [lab4tech.dbUser]  [potterat.thierry@gmail.com] DELETE the user     [test3@gmail.com]
[2018-11-02 07:57:49] [lab4tech.dbUser]  [potterat.thierry@gmail.com] CREATE the user     [test3@gmail.com]
[2018-11-02 07:58:00] [lab4tech.dbUser]  [potterat.thierry@gmail.com] deactivate the user [test3@gmail.com]
[2018-11-02 07:58:20] [lab4tech.dbUser]  [test3@gmail.com] MODIFY his Avatar
[2018-11-02 07:58:30] [lab4tech.dbUser]  [test3@gmail.com] MODIFY his Avatar
[2018-11-02 07:58:52] [lab4tech.dbUser]  [potterat.thierry@gmail.com] DELETE the user     [test3@gmail.com]
